01:57:03 INFO: starting simulation...
01:57:03 INFO: simulation end
01:57:03 INFO: getting data from instance...
01:57:03 INFO: #########
01:57:03 INFO: 	 Status: Optimal
01:57:03 INFO: I_(0,_0) 36.0
01:57:03 INFO: I_(0,_1) 43.0
01:57:03 INFO: I_(0,_2) 41.0
01:57:03 INFO: I_(0,_3) 26.0
01:57:03 INFO: I_(0,_4) 7.0
01:57:03 INFO: I_(1,_0) 41.0
01:57:03 INFO: I_(1,_1) 44.0
01:57:03 INFO: I_(1,_2) 40.0
01:57:03 INFO: I_(1,_3) 28.0
01:57:03 INFO: I_(1,_4) 6.0
01:57:03 INFO: I_(2,_0) 38.0
01:57:03 INFO: I_(2,_1) 29.0
01:57:03 INFO: I_(2,_2) 17.0
01:57:03 INFO: I_(2,_3) 17.0
01:57:03 INFO: I_(2,_4) 26.0
01:57:03 INFO: O_(0,_0,_0) 0.0
01:57:03 INFO: O_(0,_0,_1) 0.0
01:57:03 INFO: O_(0,_0,_2) 0.0
01:57:03 INFO: O_(0,_0,_3) 0.0
01:57:03 INFO: O_(0,_0,_4) 0.0
01:57:03 INFO: O_(0,_1,_0) 0.0
01:57:03 INFO: O_(0,_1,_1) 0.0
01:57:03 INFO: O_(0,_1,_2) 0.0
01:57:03 INFO: O_(0,_1,_3) 0.0
01:57:03 INFO: O_(0,_1,_4) 0.0
01:57:03 INFO: O_(0,_2,_0) 0.0
01:57:03 INFO: O_(0,_2,_1) 0.0
01:57:03 INFO: O_(0,_2,_2) 0.0
01:57:03 INFO: O_(0,_2,_3) 0.0
01:57:03 INFO: O_(0,_2,_4) 0.0
01:57:03 INFO: O_(1,_0,_0) 13.0
01:57:03 INFO: O_(1,_0,_1) 6.0
01:57:03 INFO: O_(1,_0,_2) 0.0
01:57:03 INFO: O_(1,_0,_3) 0.0
01:57:03 INFO: O_(1,_0,_4) 0.0
01:57:03 INFO: O_(1,_1,_0) 0.0
01:57:03 INFO: O_(1,_1,_1) 0.0
01:57:03 INFO: O_(1,_1,_2) 0.0
01:57:03 INFO: O_(1,_1,_3) 0.0
01:57:03 INFO: O_(1,_1,_4) 0.0
01:57:03 INFO: O_(1,_2,_0) 0.0
01:57:03 INFO: O_(1,_2,_1) 0.0
01:57:03 INFO: O_(1,_2,_2) 0.0
01:57:03 INFO: O_(1,_2,_3) 0.0
01:57:03 INFO: O_(1,_2,_4) 0.0
01:57:03 INFO: O_(2,_0,_0) 16.0
01:57:03 INFO: O_(2,_0,_1) 0.0
01:57:03 INFO: O_(2,_0,_2) 0.0
01:57:03 INFO: O_(2,_0,_3) 0.0
01:57:03 INFO: O_(2,_0,_4) 0.0
01:57:03 INFO: O_(2,_1,_0) 0.0
01:57:03 INFO: O_(2,_1,_1) 0.0
01:57:03 INFO: O_(2,_1,_2) 0.0
01:57:03 INFO: O_(2,_1,_3) 0.0
01:57:03 INFO: O_(2,_1,_4) 0.0
01:57:03 INFO: O_(2,_2,_0) 0.0
01:57:03 INFO: O_(2,_2,_1) 0.0
01:57:03 INFO: O_(2,_2,_2) 0.0
01:57:03 INFO: O_(2,_2,_3) 0.0
01:57:03 INFO: O_(2,_2,_4) 0.0
01:57:03 INFO: b_(0,_0) 0.0
01:57:03 INFO: b_(0,_1) 0.0
01:57:03 INFO: b_(0,_2) 0.0
01:57:03 INFO: b_(0,_3) 0.0
01:57:03 INFO: b_(0,_4) 0.0
01:57:03 INFO: b_(1,_0) 0.0
01:57:03 INFO: b_(1,_1) 0.0
01:57:03 INFO: b_(1,_2) 0.0
01:57:03 INFO: b_(1,_3) 0.0
01:57:03 INFO: b_(1,_4) 0.0
01:57:03 INFO: b_(2,_0) 0.0
01:57:03 INFO: b_(2,_1) 0.0
01:57:03 INFO: b_(2,_2) 1.0
01:57:03 INFO: b_(2,_3) 0.0
01:57:03 INFO: b_(2,_4) 0.0
01:57:03 INFO: delta_(0,_1,_0) 1.0
01:57:03 INFO: delta_(0,_1,_1) 0.0
01:57:03 INFO: delta_(0,_1,_2) 0.0
01:57:03 INFO: delta_(0,_1,_3) 0.0
01:57:03 INFO: delta_(0,_1,_4) 0.0
01:57:03 INFO: delta_(1,_1,_0) 0.0
01:57:03 INFO: delta_(1,_1,_1) 0.0
01:57:03 INFO: delta_(1,_1,_2) 0.0
01:57:03 INFO: delta_(1,_1,_3) 0.0
01:57:03 INFO: delta_(1,_1,_4) 0.0
01:57:03 INFO: delta_(2,_1,_0) 0.0
01:57:03 INFO: delta_(2,_1,_1) 0.0
01:57:03 INFO: delta_(2,_1,_2) 0.0
01:57:03 INFO: delta_(2,_1,_3) 0.0
01:57:03 INFO: delta_(2,_1,_4) 0.0
01:57:03 INFO: discount_(0,_0) 10.0
01:57:03 INFO: discount_(0,_1) 5.0
01:57:03 INFO: discount_(0,_2) 0.0
01:57:03 INFO: discount_(0,_3) 0.0
01:57:03 INFO: discount_(0,_4) 0.0
01:57:03 INFO: discount_(1,_0) 0.0
01:57:03 INFO: discount_(1,_1) 0.0
01:57:03 INFO: discount_(1,_2) 0.0
01:57:03 INFO: discount_(1,_3) 0.0
01:57:03 INFO: discount_(1,_4) 0.0
01:57:03 INFO: discount_(2,_0) 0.0
01:57:03 INFO: discount_(2,_1) 0.0
01:57:03 INFO: discount_(2,_2) 0.0
01:57:03 INFO: discount_(2,_3) 0.0
01:57:03 INFO: discount_(2,_4) 0.0
01:57:03 INFO: sold_(0,_0) 19.0
01:57:03 INFO: sold_(0,_1) 16.0
01:57:03 INFO: sold_(0,_2) 15.0
01:57:03 INFO: sold_(0,_3) 19.0
01:57:03 INFO: sold_(0,_4) 7.0
01:57:03 INFO: sold_(1,_0) 16.0
01:57:03 INFO: sold_(1,_1) 27.0
01:57:03 INFO: sold_(1,_2) 25.0
01:57:03 INFO: sold_(1,_3) 28.0
01:57:03 INFO: sold_(1,_4) 6.0
01:57:03 INFO: sold_(2,_0) 21.0
01:57:03 INFO: sold_(2,_1) 29.0
01:57:03 INFO: sold_(2,_2) 17.0
01:57:03 INFO: sold_(2,_3) 7.0
01:57:03 INFO: sold_(2,_4) 26.0
01:57:03 INFO: w_(0,_0,_0) 0.0
01:57:03 INFO: w_(0,_0,_1) 0.0
01:57:03 INFO: w_(0,_0,_2) 1.0
01:57:03 INFO: w_(0,_0,_3) 1.0
01:57:03 INFO: w_(0,_0,_4) 1.0
01:57:03 INFO: w_(0,_1,_0) 0.0
01:57:03 INFO: w_(0,_1,_1) 1.0
01:57:03 INFO: w_(0,_1,_2) 0.0
01:57:03 INFO: w_(0,_1,_3) 0.0
01:57:03 INFO: w_(0,_1,_4) 0.0
01:57:03 INFO: w_(0,_2,_0) 1.0
01:57:03 INFO: w_(0,_2,_1) 0.0
01:57:03 INFO: w_(0,_2,_2) 0.0
01:57:03 INFO: w_(0,_2,_3) 0.0
01:57:03 INFO: w_(0,_2,_4) 0.0
01:57:03 INFO: w_(1,_0,_0) 1.0
01:57:03 INFO: w_(1,_0,_1) 1.0
01:57:03 INFO: w_(1,_0,_2) 1.0
01:57:03 INFO: w_(1,_0,_3) 1.0
01:57:03 INFO: w_(1,_0,_4) 1.0
01:57:03 INFO: w_(1,_1,_0) 0.0
01:57:03 INFO: w_(1,_1,_1) 0.0
01:57:03 INFO: w_(1,_1,_2) 0.0
01:57:03 INFO: w_(1,_1,_3) 0.0
01:57:03 INFO: w_(1,_1,_4) 0.0
01:57:03 INFO: w_(1,_2,_0) 0.0
01:57:03 INFO: w_(1,_2,_1) 0.0
01:57:03 INFO: w_(1,_2,_2) 0.0
01:57:03 INFO: w_(1,_2,_3) 0.0
01:57:03 INFO: w_(1,_2,_4) 0.0
01:57:03 INFO: w_(2,_0,_0) 1.0
01:57:03 INFO: w_(2,_0,_1) 1.0
01:57:03 INFO: w_(2,_0,_2) 1.0
01:57:03 INFO: w_(2,_0,_3) 1.0
01:57:03 INFO: w_(2,_0,_4) 1.0
01:57:03 INFO: w_(2,_1,_0) 0.0
01:57:03 INFO: w_(2,_1,_1) 0.0
01:57:03 INFO: w_(2,_1,_2) 0.0
01:57:03 INFO: w_(2,_1,_3) 0.0
01:57:03 INFO: w_(2,_1,_4) 0.0
01:57:03 INFO: w_(2,_2,_0) 0.0
01:57:03 INFO: w_(2,_2,_1) 0.0
01:57:03 INFO: w_(2,_2,_2) 0.0
01:57:03 INFO: w_(2,_2,_3) 0.0
01:57:03 INFO: w_(2,_2,_4) 0.0
01:57:03 INFO: y_(0,_0) 1.0
01:57:03 INFO: y_(0,_1) 1.0
01:57:03 INFO: y_(0,_2) 0.0
01:57:03 INFO: y_(0,_3) 0.0
01:57:03 INFO: y_(0,_4) 0.0
01:57:03 INFO: y_(1,_0) 0.0
01:57:03 INFO: y_(1,_1) 0.0
01:57:03 INFO: y_(1,_2) 0.0
01:57:03 INFO: y_(1,_3) 0.0
01:57:03 INFO: y_(1,_4) 0.0
01:57:03 INFO: y_(2,_0) 0.0
01:57:03 INFO: y_(2,_1) 0.0
01:57:03 INFO: y_(2,_2) 0.0
01:57:03 INFO: y_(2,_3) 0.0
01:57:03 INFO: y_(2,_4) 0.0
01:57:03 INFO: 
	of: 5451.656512507654
	sol:
[[ 0.  0.  0.  0.  0.]
 [13.  6.  0.  0.  0.]
 [16.  0.  0.  0.  0.]] 
	time:0.4893150329589844
01:57:03 INFO: #########
